#! /usr/bin/vvp
:ivl_version "10.3 (stable)";
:ivl_delay_selection "TYPICAL";
:vpi_time_precision + 0;
:vpi_module "system";
:vpi_module "vhdl_sys";
:vpi_module "v2005_math";
:vpi_module "va_math";
S_0x55909a494260 .scope module, "testbench_encoder" "testbench_encoder" 2 2;
 .timescale 0 0;
v0x55909a4a7c90_0 .var "a", 7 0;
v0x55909a4a7d50_0 .net "b", 2 0, v0x55909a4a7b50_0;  1 drivers
E_0x55909a494a70 .event edge, v0x55909a4a7b50_0;
S_0x55909a45c080 .scope module, "enc" "priority_encoder" 2 7, 3 1 0, S_0x55909a494260;
 .timescale 0 0;
    .port_info 0 /INPUT 8 "a"
    .port_info 1 /OUTPUT 3 "b"
v0x55909a45c270_0 .net "a", 7 0, v0x55909a4a7c90_0;  1 drivers
v0x55909a4a7b50_0 .var "b", 2 0;
E_0x55909a491580 .event edge, v0x55909a45c270_0;
    .scope S_0x55909a45c080;
T_0 ;
    %wait E_0x55909a491580;
    %load/vec4 v0x55909a45c270_0;
    %parti/s 1, 0, 2;
    %load/vec4 v0x55909a45c270_0;
    %parti/s 1, 1, 2;
    %or;
    %load/vec4 v0x55909a45c270_0;
    %parti/s 1, 2, 3;
    %or;
    %load/vec4 v0x55909a45c270_0;
    %parti/s 1, 3, 3;
    %or;
    %inv;
    %ix/load 4, 0, 0;
    %flag_set/imm 4, 0;
    %store/vec4 v0x55909a4a7b50_0, 4, 1;
    %load/vec4 v0x55909a45c270_0;
    %parti/s 1, 0, 2;
    %load/vec4 v0x55909a45c270_0;
    %parti/s 1, 1, 2;
    %or;
    %load/vec4 v0x55909a45c270_0;
    %parti/s 1, 2, 3;
    %inv;
    %load/vec4 v0x55909a45c270_0;
    %parti/s 1, 3, 3;
    %inv;
    %and;
    %load/vec4 v0x55909a45c270_0;
    %parti/s 1, 4, 4;
    %load/vec4 v0x55909a45c270_0;
    %parti/s 1, 5, 4;
    %or;
    %and;
    %or;
    %inv;
    %ix/load 4, 1, 0;
    %flag_set/imm 4, 0;
    %store/vec4 v0x55909a4a7b50_0, 4, 1;
    %load/vec4 v0x55909a45c270_0;
    %parti/s 1, 0, 2;
    %load/vec4 v0x55909a45c270_0;
    %parti/s 1, 1, 2;
    %inv;
    %load/vec4 v0x55909a45c270_0;
    %parti/s 1, 2, 3;
    %and;
    %or;
    %load/vec4 v0x55909a45c270_0;
    %parti/s 1, 1, 2;
    %inv;
    %load/vec4 v0x55909a45c270_0;
    %parti/s 1, 3, 3;
    %inv;
    %load/vec4 v0x55909a45c270_0;
    %parti/s 1, 4, 4;
    %and;
    %and;
    %or;
    %load/vec4 v0x55909a45c270_0;
    %parti/s 1, 1, 2;
    %inv;
    %load/vec4 v0x55909a45c270_0;
    %parti/s 1, 3, 3;
    %inv;
    %and;
    %load/vec4 v0x55909a45c270_0;
    %parti/s 1, 5, 4;
    %inv;
    %and;
    %load/vec4 v0x55909a45c270_0;
    %parti/s 1, 6, 4;
    %and;
    %or;
    %inv;
    %ix/load 4, 2, 0;
    %flag_set/imm 4, 0;
    %store/vec4 v0x55909a4a7b50_0, 4, 1;
    %jmp T_0;
    .thread T_0, $push;
    .scope S_0x55909a494260;
T_1 ;
    %pushi/vec4 192, 0, 8;
    %store/vec4 v0x55909a4a7c90_0, 0, 8;
    %delay 5, 0;
    %pushi/vec4 160, 0, 8;
    %store/vec4 v0x55909a4a7c90_0, 0, 8;
    %delay 5, 0;
    %pushi/vec4 152, 0, 8;
    %store/vec4 v0x55909a4a7c90_0, 0, 8;
    %delay 5, 0;
    %pushi/vec4 12, 0, 8;
    %store/vec4 v0x55909a4a7c90_0, 0, 8;
    %delay 5, 0;
    %pushi/vec4 70, 0, 8;
    %store/vec4 v0x55909a4a7c90_0, 0, 8;
    %delay 5, 0;
    %pushi/vec4 15, 0, 8;
    %store/vec4 v0x55909a4a7c90_0, 0, 8;
    %delay 5, 0;
    %pushi/vec4 255, 0, 8;
    %store/vec4 v0x55909a4a7c90_0, 0, 8;
    %end;
    .thread T_1;
    .scope S_0x55909a494260;
T_2 ;
    %wait E_0x55909a494a70;
    %vpi_call 2 26 "$display", "%d %d %d", &PV<v0x55909a4a7d50_0, 0, 1>, &PV<v0x55909a4a7d50_0, 1, 1>, &PV<v0x55909a4a7d50_0, 2, 1> {0 0 0};
    %jmp T_2;
    .thread T_2, $push;
# The file index is used to find the file name in the following table.
:file_names 4;
    "N/A";
    "<interactive>";
    "eight_to_3_encoder_tb.v";
    "./eight_to_3_encoder.v";
